<?xml version="1.0" encoding="UTF-8"?>
<!-- Generated by org.testng.reporters.JUnitReportReporter -->
<testsuite hostname="DESKTOP-FQ1298P" failures="0" tests="1" name="Test.LoginTest" time="14.477" errors="0" timestamp="2022-07-16T19:39:59 IST" skipped="0">
  <testcase classname="Test.LoginTest" name="f" time="14.477"/>
  <system-out/>
</testsuite> <!-- Test.LoginTest -->
